<?xml version="1.0" encoding="UTF-8"?>
<!-- Generated by org.testng.reporters.JUnitReportReporter -->
<testsuite hostname="RohithRock" failures="0" tests="1" name="com.example.testing.ExampleTest" time="2.109" errors="0" timestamp="2025-03-01T00:44:47 IST" skipped="0">
  <testcase classname="com.example.testing.ExampleTest" name="openGoogle" time="2.109"/>
  <system-out/>
</testsuite> <!-- com.example.testing.ExampleTest -->
