<?xml version="1.0" encoding="UTF-8"?>
<!-- Generated by org.testng.reporters.JUnitReportReporter -->
<testsuite hostname="RohithRock" failures="0" tests="1" name="com.example.testing.ExampleTest" time="1.838" errors="0" timestamp="2025-02-28T23:01:28 IST" skipped="0">
  <testcase classname="com.example.testing.ExampleTest" name="openGoogle" time="1.838"/>
  <system-out/>
</testsuite> <!-- com.example.testing.ExampleTest -->
