<?xml version="1.0" encoding="UTF-8"?>
<!-- Generated by org.testng.reporters.JUnitReportReporter -->
<testsuite hostname="RohithRock" failures="0" tests="2" name="com.example.testing.ExampleTest" time="4.471" errors="0" timestamp="2025-03-01T00:55:42 IST" skipped="0">
  <testcase classname="com.example.testing.ExampleTest" name="search" time="2.405"/>
  <system-out/>
  <testcase classname="com.example.testing.ExampleTest" name="openGoogle" time="2.066"/>
  <system-out/>
</testsuite> <!-- com.example.testing.ExampleTest -->
