<?xml version="1.0" encoding="UTF-8"?>
<!-- Generated by org.testng.reporters.JUnitReportReporter -->
<testsuite hostname="RohithRock" failures="0" tests="1" name="com.example.testing.ExampleTest" time="1.567" errors="0" timestamp="28 Feb 2025 19:15:06 GMT">
  <testcase classname="com.example.testing.ExampleTest" name="openGoogle" time="1.567"/>
</testsuite> <!-- com.example.testing.ExampleTest -->
